<?xml version="1.0" encoding="UTF-8" ?>
<testsuite tests="24" failures="0" name="PaymentCardTest" time="0.06" errors="0" skipped="0">
  <properties>
    <property name="java.runtime.name" value="OpenJDK Runtime Environment"/>
    <property name="java.vm.version" value="11.0.22+7"/>
    <property name="sun.boot.library.path" value="C:\Program Files\Eclipse Adoptium\jdk-11.0.22.7-hotspot\bin"/>
    <property name="maven.multiModuleProjectDirectory" value="C:\Users\Shamsi\Documents\NetBeansProjects\mooc-java-programming-i\part04-Part04_16.PaymentCard"/>
    <property name="java.vm.vendor" value="Eclipse Adoptium"/>
    <property name="java.vendor.url" value="https://adoptium.net/"/>
    <property name="guice.disable.misplaced.annotation.check" value="true"/>
    <property name="path.separator" value=";"/>
    <property name="java.vm.name" value="OpenJDK 64-Bit Server VM"/>
    <property name="sun.os.patch.level" value=""/>
    <property name="user.script" value=""/>
    <property name="user.country" value="TR"/>
    <property name="sun.java.launcher" value="SUN_STANDARD"/>
    <property name="test" value="PaymentCardTest"/>
    <property name="java.vm.specification.name" value="Java Virtual Machine Specification"/>
    <property name="user.dir" value="C:\Users\Shamsi\Documents\NetBeansProjects\mooc-java-programming-i\part04-Part04_16.PaymentCard"/>
    <property name="java.vm.compressedOopsMode" value="Zero based"/>
    <property name="java.runtime.version" value="11.0.22+7"/>
    <property name="java.awt.graphicsenv" value="sun.awt.Win32GraphicsEnvironment"/>
    <property name="os.arch" value="amd64"/>
    <property name="java.io.tmpdir" value="C:\Users\Shamsi\AppData\Local\Temp\"/>
    <property name="line.separator" value="
"/>
    <property name="java.vm.specification.vendor" value="Oracle Corporation"/>
    <property name="user.variant" value=""/>
    <property name="os.name" value="Windows 11"/>
    <property name="classworlds.conf" value="C:\Program Files\TMCBeans\java\maven\bin\..\bin\m2.conf"/>
    <property name="sun.jnu.encoding" value="Cp1254"/>
    <property name="java.library.path" value="C:\Program Files\Eclipse Adoptium\jdk-11.0.22.7-hotspot\bin;C:\WINDOWS\Sun\Java\bin;C:\WINDOWS\system32;C:\WINDOWS;C:\Program Files\Eclipse Adoptium\jdk-11.0.22.7-hotspot\bin;C:\WINDOWS\system32;C:\WINDOWS;C:\WINDOWS\System32\Wbem;C:\WINDOWS\System32\WindowsPowerShell\v1.0\;C:\WINDOWS\System32\OpenSSH\;C:\Program Files\Git\cmd;C:\Program Files\dotnet\;C:\Program Files\NVIDIA Corporation\NVIDIA NvDLISR;C:\Program Files\PuTTY\;C:\Users\Shamsi\AppData\Local\Microsoft\WindowsApps;;."/>
    <property name="maven.conf" value="C:\Program Files\TMCBeans\java\maven\bin\../conf"/>
    <property name="jdk.debug" value="release"/>
    <property name="java.class.version" value="55.0"/>
    <property name="java.specification.name" value="Java Platform API Specification"/>
    <property name="sun.management.compiler" value="HotSpot 64-Bit Tiered Compilers"/>
    <property name="os.version" value="10.0"/>
    <property name="library.jansi.path" value="C:\Program Files\TMCBeans\java\maven\bin\..\lib\jansi-native"/>
    <property name="user.home" value="C:\Users\Shamsi"/>
    <property name="user.timezone" value="Asia/Baku"/>
    <property name="java.awt.printerjob" value="sun.awt.windows.WPrinterJob"/>
    <property name="file.encoding" value="UTF-8"/>
    <property name="java.specification.version" value="11"/>
    <property name="user.name" value="Shamsi"/>
    <property name="java.class.path" value="C:\Program Files\TMCBeans\java\maven\bin\..\boot\plexus-classworlds-2.6.0.jar"/>
    <property name="org.slf4j.simpleLogger.defaultLogLevel" value="error"/>
    <property name="java.vm.specification.version" value="11"/>
    <property name="sun.arch.data.model" value="64"/>
    <property name="sun.java.command" value="org.codehaus.plexus.classworlds.launcher.Launcher -Dtest=PaymentCardTest -Dfile.encoding=UTF-8 -T=1 -q surefire:test"/>
    <property name="java.home" value="C:\Program Files\Eclipse Adoptium\jdk-11.0.22.7-hotspot"/>
    <property name="user.language" value="tr"/>
    <property name="java.specification.vendor" value="Oracle Corporation"/>
    <property name="awt.toolkit" value="sun.awt.windows.WToolkit"/>
    <property name="java.vm.info" value="mixed mode"/>
    <property name="java.version" value="11.0.22"/>
    <property name="java.vendor" value="Eclipse Adoptium"/>
    <property name="java.specification.maintenance.version" value="2"/>
    <property name="maven.home" value="C:\Program Files\TMCBeans\java\maven\bin\.."/>
    <property name="file.separator" value="\"/>
    <property name="java.version.date" value="2024-01-16"/>
    <property name="java.vendor.url.bug" value="https://github.com/adoptium/adoptium-support/issues"/>
    <property name="sun.io.unicode.encoding" value="UnicodeLittle"/>
    <property name="sun.cpu.endian" value="little"/>
    <property name="java.vendor.version" value="Temurin-11.0.22+7"/>
    <property name="sun.desktop" value="windows"/>
    <property name="sun.cpu.isalist" value="amd64"/>
  </properties>
  <testcase classname="PaymentCardTest" name="otherInitialBalanceWorks" time="0.05"/>
  <testcase classname="PaymentCardTest" name="toStringInitiallyCorrect" time="0"/>
  <testcase classname="PaymentCardTest" name="addedMoneyCanBeUsedToBuy" time="0"/>
  <testcase classname="PaymentCardTest" name="multipleCards" time="0"/>
  <testcase classname="PaymentCardTest" name="eatHeartilyDecreasesBalance" time="0.01"/>
  <testcase classname="PaymentCardTest" name="methodAddMoneyExists" time="0"/>
  <testcase classname="PaymentCardTest" name="balanceCannotExceedMaximum" time="0"/>
  <testcase classname="PaymentCardTest" name="methodEatHeartilyExists" time="0"/>
  <testcase classname="PaymentCardTest" name="methodEatAffordablyExists" time="0"/>
  <testcase classname="PaymentCardTest" name="eatHeartilyWillNotCauseNegativeBalance" time="0"/>
  <testcase classname="PaymentCardTest" name="moneyCanBeAdded" time="0"/>
  <testcase classname="PaymentCardTest" name="classIsPublic" time="0"/>
  <testcase classname="PaymentCardTest" name="allMoneyCanBeUsedToEat2" time="0"/>
  <testcase classname="PaymentCardTest" name="eatAffordablyDecreasesBalance" time="0"/>
  <testcase classname="PaymentCardTest" name="allMoneyCanBeUsedToEat" time="0"/>
  <testcase classname="PaymentCardTest" name="eatAffordablyWillNotCauseNegativeBalance" time="0"/>
  <testcase classname="PaymentCardTest" name="noExtraVariables1" time="0"/>
  <testcase classname="PaymentCardTest" name="noExtraVariables2" time="0"/>
  <testcase classname="PaymentCardTest" name="noExtraVariables3" time="0"/>
  <testcase classname="PaymentCardTest" name="noExtraVariables4" time="0"/>
  <testcase classname="PaymentCardTest" name="noExtraVariables5" time="0"/>
  <testcase classname="PaymentCardTest" name="noExtraVariables6" time="0"/>
  <testcase classname="PaymentCardTest" name="addingNegativeAmountDoesntChangeBalance" time="0"/>
  <testcase classname="PaymentCardTest" name="testConstructor" time="0"/>
</testsuite>